<?xml version="1.0" encoding="UTF-8"?>
<!-- Generated by org.testng.reporters.JUnitReportReporter -->
<testsuite skipped="0" hostname="Jyoti-computer" name="Step_Test.Post_Testing" tests="1" failures="0" timestamp="04 Oct 2020 00:00:31 GMT" time="4.280" errors="0">
  <testcase name="createUser" time="4.280" classname="Step_Test.Post_Testing"/>
</testsuite> <!-- Step_Test.Post_Testing -->
