<?xml version="1.0" encoding="UTF-8"?>
<!-- Generated by org.testng.reporters.JUnitReportReporter -->
<testsuite skipped="0" hostname="Jyoti-computer" name="Step_Test.Recuries_Page" tests="8" failures="0" timestamp="03 Oct 2020 18:13:37 GMT" time="7.480" errors="0">
  <testcase name="getrequestBody" time="2.653" classname="Step_Test.Recuries_Page"/>
  <testcase name="get_statuscode" time="0.169" classname="Step_Test.Recuries_Page"/>
  <testcase name="get_ContenetType" time="0.833" classname="Step_Test.Recuries_Page"/>
  <testcase name="body_Value" time="0.194" classname="Step_Test.Recuries_Page"/>
  <testcase name="testing_cooking" time="0.168" classname="Step_Test.Recuries_Page"/>
  <testcase name="getBodywithId" time="1.304" classname="Step_Test.Recuries_Page"/>
  <testcase name="getbody_all" time="0.371" classname="Step_Test.Recuries_Page"/>
  <testcase name="validationJasonSchema" time="1.788" classname="Step_Test.Recuries_Page"/>
</testsuite> <!-- Step_Test.Recuries_Page -->
